<?xml version="1.0" encoding="UTF-8" ?>
<testsuites name="vitest tests" tests="1432" failures="0" errors="0" time="53.188094287">
    <testsuite name="src/App.test.tsx" timestamp="2026-05-14T02:22:34.083Z" hostname="Lucindas-MacBook-Pro.local" tests="7" failures="0" errors="0" skipped="0" time="0.345565416">
        <testcase classname="src/App.test.tsx" name="App routing &gt; renders the login form at /login" time="0.0538385">
            <system-err>
⚠️ React Router Future Flag Warning: React Router will begin wrapping state updates in `React.startTransition` in v7. You can use the `v7_startTransition` future flag to opt-in early. For more information, see https://reactrouter.com/v6/upgrading/future#v7_starttransition.
⚠️ React Router Future Flag Warning: Relative route resolution within Splat routes is changing in v7. You can use the `v7_relativeSplatPath` future flag to opt-in early. For more information, see https://reactrouter.com/v6/upgrading/future#v7_relativesplatpath.

            </system-err>
        </testcase>
        <testcase classname="src/App.test.tsx" name="App routing &gt; redirects unauthenticated users to /login" time="0.015699709">
        </testcase>
        <testcase classname="src/App.test.tsx" name="App routing &gt; renders the dashboard at / for an authenticated admin" time="0.077164584">
        </testcase>
        <testcase classname="src/App.test.tsx" name="App routing &gt; renders contacts page at /contacts" time="0.071993">
        </testcase>
        <testcase classname="src/App.test.tsx" name="App routing &gt; renders admin settings page at /admin/settings" time="0.047856542">
        </testcase>
        <testcase classname="src/App.test.tsx" name="App routing &gt; redirects /pipeline to /deals" time="0.048784833">
        </testcase>
        <testcase classname="src/App.test.tsx" name="App routing &gt; redirects unknown paths to the dashboard" time="0.02614225">
        </testcase>
    </testsuite>
    <testsuite name="src/context/BrandingContext.test.tsx" timestamp="2026-05-14T02:22:34.084Z" hostname="Lucindas-MacBook-Pro.local" tests="7" failures="0" errors="0" skipped="0" time="0.093852291">
        <testcase classname="src/context/BrandingContext.test.tsx" name="BrandingContext — font side effects &gt; applies custom font to document.body when a non-inter font is configured" time="0.042177875">
            <system-err>
⚠️ React Router Future Flag Warning: React Router will begin wrapping state updates in `React.startTransition` in v7. You can use the `v7_startTransition` future flag to opt-in early. For more information, see https://reactrouter.com/v6/upgrading/future#v7_starttransition.
⚠️ React Router Future Flag Warning: Relative route resolution within Splat routes is changing in v7. You can use the `v7_relativeSplatPath` future flag to opt-in early. For more information, see https://reactrouter.com/v6/upgrading/future#v7_relativesplatpath.

            </system-err>
        </testcase>
        <testcase classname="src/context/BrandingContext.test.tsx" name="BrandingContext — font side effects &gt; does NOT set body font-family when the font is inter (default)" time="0.008071708">
        </testcase>
        <testcase classname="src/context/BrandingContext.test.tsx" name="BrandingContext — font side effects &gt; injects a Google Font &lt;link&gt; for non-inter fonts" time="0.008010083">
        </testcase>
        <testcase classname="src/context/BrandingContext.test.tsx" name="BrandingContext — CSS custom properties &gt; injects a :root style tag with --color-primary when primaryColor is set" time="0.011959417">
        </testcase>
        <testcase classname="src/context/BrandingContext.test.tsx" name="BrandingContext — CSS custom properties &gt; removes the style tag when branding config is null" time="0.00787775">
        </testcase>
        <testcase classname="src/context/BrandingContext.test.tsx" name="BrandingContext — document.title &gt; sets document.title to the company name when configured" time="0.005777458">
        </testcase>
        <testcase classname="src/context/BrandingContext.test.tsx" name="BrandingContext — document.title &gt; resets document.title to MiniCRM when no company name is set" time="0.007376041">
        </testcase>
    </testsuite>
    <testsuite name="src/context/BreakpointContext.test.tsx" timestamp="2026-05-14T02:22:34.084Z" hostname="Lucindas-MacBook-Pro.local" tests="4" failures="0" errors="0" skipped="0" time="0.01692875">
        <testcase classname="src/context/BreakpointContext.test.tsx" name="useBreakpoint &gt; returns isDesktop: true when matchMedia matches (viewport &gt;= 768px)" time="0.011633792">
        </testcase>
        <testcase classname="src/context/BreakpointContext.test.tsx" name="useBreakpoint &gt; returns isDesktop: false when matchMedia does not match (viewport &lt; 768px)" time="0.00119475">
        </testcase>
        <testcase classname="src/context/BreakpointContext.test.tsx" name="useBreakpoint &gt; updates when the matchMedia change event fires" time="0.001288875">
        </testcase>
        <testcase classname="src/context/BreakpointContext.test.tsx" name="useBreakpoint &gt; defaults to isDesktop: false before the useEffect fires (mobile-first SSR safety)" time="0.000889666">
        </testcase>
    </testsuite>
    <testsuite name="src/locales/locale-completeness.test.ts" timestamp="2026-05-14T02:22:34.084Z" hostname="Lucindas-MacBook-Pro.local" tests="8" failures="0" errors="0" skipped="0" time="0.003018125">
        <testcase classname="src/locales/locale-completeness.test.ts" name="locale completeness &gt; es: no keys missing from English" time="0.000515083">
        </testcase>
        <testcase classname="src/locales/locale-completeness.test.ts" name="locale completeness &gt; es: no orphaned keys absent from English" time="0.000138792">
        </testcase>
        <testcase classname="src/locales/locale-completeness.test.ts" name="locale completeness &gt; fr: no keys missing from English" time="0.000138292">
        </testcase>
        <testcase classname="src/locales/locale-completeness.test.ts" name="locale completeness &gt; fr: no orphaned keys absent from English" time="0.000113167">
        </testcase>
        <testcase classname="src/locales/locale-completeness.test.ts" name="locale completeness &gt; de: no keys missing from English" time="0.000120333">
        </testcase>
        <testcase classname="src/locales/locale-completeness.test.ts" name="locale completeness &gt; de: no orphaned keys absent from English" time="0.000078625">
        </testcase>
        <testcase classname="src/locales/locale-completeness.test.ts" name="locale completeness &gt; zh-Hans: no keys missing from English" time="0.000113833">
        </testcase>
        <testcase classname="src/locales/locale-completeness.test.ts" name="locale completeness &gt; zh-Hans: no orphaned keys absent from English" time="0.000057334">
        </testcase>
    </testsuite>
    <testsuite name="src/components/AccountForm.test.tsx" timestamp="2026-05-14T02:22:34.085Z" hostname="Lucindas-MacBook-Pro.local" tests="21" failures="0" errors="0" skipped="0" time="0.428059291">
        <testcase classname="src/components/AccountForm.test.tsx" name="AccountForm &gt; field rendering &gt; renders all core fields" time="0.043089166">
            <system-err>
⚠️ React Router Future Flag Warning: React Router will begin wrapping state updates in `React.startTransition` in v7. You can use the `v7_startTransition` future flag to opt-in early. For more information, see https://reactrouter.com/v6/upgrading/future#v7_starttransition.
⚠️ React Router Future Flag Warning: Relative route resolution within Splat routes is changing in v7. You can use the `v7_relativeSplatPath` future flag to opt-in early. For more information, see https://reactrouter.com/v6/upgrading/future#v7_relativesplatpath.

            </system-err>
        </testcase>
        <testcase classname="src/components/AccountForm.test.tsx" name="AccountForm &gt; field rendering &gt; renders all ACCOUNT_TYPE_VALUES as options in the type dropdown" time="0.012490791">
        </testcase>
        <testcase classname="src/components/AccountForm.test.tsx" name="AccountForm &gt; field rendering &gt; does not render owner selector when users prop is omitted" time="0.006535667">
        </testcase>
        <testcase classname="src/components/AccountForm.test.tsx" name="AccountForm &gt; field rendering &gt; renders owner selector when users prop is provided" time="0.02155525">
        </testcase>
        <testcase classname="src/components/AccountForm.test.tsx" name="AccountForm &gt; field rendering &gt; renders the contact selector" time="0.008410542">
        </testcase>
        <testcase classname="src/components/AccountForm.test.tsx" name="AccountForm &gt; field rendering &gt; renders the parent account search input when no parent is selected" time="0.007096708">
        </testcase>
        <testcase classname="src/components/AccountForm.test.tsx" name="AccountForm &gt; initialValues population &gt; pre-populates fields from initialValues" time="0.011553542">
        </testcase>
        <testcase classname="src/components/AccountForm.test.tsx" name="AccountForm &gt; initialValues population &gt; shows the selected parent name and clear button when initialValues has parent_account_id" time="0.014414125">
        </testcase>
        <testcase classname="src/components/AccountForm.test.tsx" name="AccountForm &gt; onSubmit &gt; calls onSubmit with form values when submitted" time="0.013254125">
        </testcase>
        <testcase classname="src/components/AccountForm.test.tsx" name="AccountForm &gt; onSubmit &gt; does not call onSubmit when the required name field is empty (user.click respects HTML5 required)" time="0.082196791">
        </testcase>
        <testcase classname="src/components/AccountForm.test.tsx" name="AccountForm &gt; cancel button &gt; calls onCancel when the Cancel button is clicked" time="0.02229075">
        </testcase>
        <testcase classname="src/components/AccountForm.test.tsx" name="AccountForm &gt; cancel button &gt; does not render a Cancel button when onCancel is not provided" time="0.004229667">
        </testcase>
        <testcase classname="src/components/AccountForm.test.tsx" name="AccountForm &gt; isSubmitting state &gt; disables inputs and submit button when isSubmitting is true" time="0.003378167">
        </testcase>
        <testcase classname="src/components/AccountForm.test.tsx" name="AccountForm &gt; error display &gt; renders error message in an alert when error prop is set" time="0.007099667">
        </testcase>
        <testcase classname="src/components/AccountForm.test.tsx" name="AccountForm &gt; error display &gt; does not render an alert when error prop is absent" time="0.008733208">
        </testcase>
        <testcase classname="src/components/AccountForm.test.tsx" name="AccountForm &gt; parent account type-ahead &gt; shows autocomplete suggestions when a query of 2+ chars is typed" time="0.053746958">
        </testcase>
        <testcase classname="src/components/AccountForm.test.tsx" name="AccountForm &gt; parent account type-ahead &gt; does not show suggestions when query is fewer than 2 characters" time="0.029222417">
        </testcase>
        <testcase classname="src/components/AccountForm.test.tsx" name="AccountForm &gt; parent account type-ahead &gt; selects a parent account and hides the search input" time="0.049471084">
        </testcase>
        <testcase classname="src/components/AccountForm.test.tsx" name="AccountForm &gt; parent account type-ahead &gt; clears the selected parent when the clear button is clicked" time="0.013791708">
        </testcase>
        <testcase classname="src/components/AccountForm.test.tsx" name="AccountForm &gt; contact selector &gt; renders the contact selector search input" time="0.002654375">
        </testcase>
        <testcase classname="src/components/AccountForm.test.tsx" name="AccountForm &gt; contact selector &gt; shows an empty-state message when no contacts are selected" time="0.00258675">
        </testcase>
    </testsuite>
    <testsuite name="src/components/ActivityForm.test.tsx" timestamp="2026-05-14T02:22:34.086Z" hostname="Lucindas-MacBook-Pro.local" tests="16" failures="0" errors="0" skipped="0" time="0.180226833">
        <testcase classname="src/components/ActivityForm.test.tsx" name="ActivityForm &gt; renders type, subject, notes, and due date fields" time="0.04505325">
            <system-err>
⚠️ React Router Future Flag Warning: React Router will begin wrapping state updates in `React.startTransition` in v7. You can use the `v7_startTransition` future flag to opt-in early. For more information, see https://reactrouter.com/v6/upgrading/future#v7_starttransition.
⚠️ React Router Future Flag Warning: Relative route resolution within Splat routes is changing in v7. You can use the `v7_relativeSplatPath` future flag to opt-in early. For more information, see https://reactrouter.com/v6/upgrading/future#v7_relativesplatpath.

            </system-err>
        </testcase>
        <testcase classname="src/components/ActivityForm.test.tsx" name="ActivityForm &gt; defaults type to &quot;Note&quot; with no due date" time="0.0049665">
        </testcase>
        <testcase classname="src/components/ActivityForm.test.tsx" name="ActivityForm &gt; auto-sets type to &quot;Task&quot; when a due date is entered" time="0.007280708">
        </testcase>
        <testcase classname="src/components/ActivityForm.test.tsx" name="ActivityForm &gt; does not override a manually set type when due date changes" time="0.0194265">
        </testcase>
        <testcase classname="src/components/ActivityForm.test.tsx" name="ActivityForm &gt; calls onSubmit with the correct values" time="0.018311542">
        </testcase>
        <testcase classname="src/components/ActivityForm.test.tsx" name="ActivityForm &gt; calls onCancel when the cancel button is clicked" time="0.005918625">
        </testcase>
        <testcase classname="src/components/ActivityForm.test.tsx" name="ActivityForm &gt; disables the submit button when subject is empty" time="0.005061834">
        </testcase>
        <testcase classname="src/components/ActivityForm.test.tsx" name="ActivityForm &gt; disables submit and cancel while submitting" time="0.004664958">
        </testcase>
        <testcase classname="src/components/ActivityForm.test.tsx" name="ActivityForm &gt; populates fields from initialValues in edit mode" time="0.005116625">
        </testcase>
        <testcase classname="src/components/ActivityForm.test.tsx" name="ActivityForm &gt; shows direction and outcome fields when type is Call" time="0.011448625">
        </testcase>
        <testcase classname="src/components/ActivityForm.test.tsx" name="ActivityForm &gt; shows direction and outcome fields when type is Email" time="0.013851958">
        </testcase>
        <testcase classname="src/components/ActivityForm.test.tsx" name="ActivityForm &gt; hides direction and outcome fields when type is Note" time="0.004467333">
        </testcase>
        <testcase classname="src/components/ActivityForm.test.tsx" name="ActivityForm &gt; hides direction and outcome fields when type is Task" time="0.00846025">
        </testcase>
        <testcase classname="src/components/ActivityForm.test.tsx" name="ActivityForm &gt; hides direction and outcome fields when type is Meeting" time="0.004608917">
        </testcase>
        <testcase classname="src/components/ActivityForm.test.tsx" name="ActivityForm &gt; disables submit when type is Call and direction is not selected" time="0.005570958">
        </testcase>
        <testcase classname="src/components/ActivityForm.test.tsx" name="ActivityForm &gt; displays a server-side error message" time="0.004461667">
        </testcase>
    </testsuite>
    <testsuite name="src/components/ActivityTimeline.test.tsx" timestamp="2026-05-14T02:22:34.086Z" hostname="Lucindas-MacBook-Pro.local" tests="28" failures="0" errors="0" skipped="0" time="0.763194292">
        <testcase classname="src/components/ActivityTimeline.test.tsx" name="ActivityTimeline &gt; shows the loading state while fetching" time="0.036518542">
            <system-err>
⚠️ React Router Future Flag Warning: React Router will begin wrapping state updates in `React.startTransition` in v7. You can use the `v7_startTransition` future flag to opt-in early. For more information, see https://reactrouter.com/v6/upgrading/future#v7_starttransition.
⚠️ React Router Future Flag Warning: Relative route resolution within Splat routes is changing in v7. You can use the `v7_relativeSplatPath` future flag to opt-in early. For more information, see https://reactrouter.com/v6/upgrading/future#v7_relativesplatpath.

            </system-err>
        </testcase>
        <testcase classname="src/components/ActivityTimeline.test.tsx" name="ActivityTimeline &gt; shows the empty state when there are no activities" time="0.022340208">
        </testcase>
        <testcase classname="src/components/ActivityTimeline.test.tsx" name="ActivityTimeline &gt; renders activity items from the API" time="0.027350584">
        </testcase>
        <testcase classname="src/components/ActivityTimeline.test.tsx" name="ActivityTimeline &gt; renders the author name and timestamp in the meta line" time="0.014034792">
        </testcase>
        <testcase classname="src/components/ActivityTimeline.test.tsx" name="ActivityTimeline &gt; shows &quot;Mark complete&quot; button for open tasks" time="0.009023834">
        </testcase>
        <testcase classname="src/components/ActivityTimeline.test.tsx" name="ActivityTimeline &gt; shows completed badge for complete activities" time="0.007760917">
        </testcase>
        <testcase classname="src/components/ActivityTimeline.test.tsx" name="ActivityTimeline &gt; applies line-through styling to completed activity subjects" time="0.009067208">
        </testcase>
        <testcase classname="src/components/ActivityTimeline.test.tsx" name="ActivityTimeline &gt; shows edit and delete buttons for owned activities when user is the owner" time="0.008878916">
        </testcase>
        <testcase classname="src/components/ActivityTimeline.test.tsx" name="ActivityTimeline &gt; does not show edit/delete for activities owned by another user" time="0.007015167">
        </testcase>
        <testcase classname="src/components/ActivityTimeline.test.tsx" name="ActivityTimeline &gt; shows the &quot;Log activity&quot; button when not in create mode" time="0.007590166">
        </testcase>
        <testcase classname="src/components/ActivityTimeline.test.tsx" name="ActivityTimeline &gt; reveals the create form when &quot;Log activity&quot; is clicked" time="0.014604625">
        </testcase>
        <testcase classname="src/components/ActivityTimeline.test.tsx" name="ActivityTimeline &gt; shows the edit form inline when the edit button is clicked" time="0.014831916">
        </testcase>
        <testcase classname="src/components/ActivityTimeline.test.tsx" name="ActivityTimeline &gt; does not show &quot;Load more&quot; button when all activities are returned" time="0.008859917">
        </testcase>
        <testcase classname="src/components/ActivityTimeline.test.tsx" name="ActivityTimeline &gt; shows &quot;Load more&quot; button when total exceeds currently loaded count" time="0.00810675">
        </testcase>
        <testcase classname="src/components/ActivityTimeline.test.tsx" name="ActivityTimeline &gt; renders the direction badge when an activity has a direction set" time="0.007093792">
        </testcase>
        <testcase classname="src/components/ActivityTimeline.test.tsx" name="ActivityTimeline &gt; renders the outcome text when an activity has an outcome set" time="0.00698825">
        </testcase>
        <testcase classname="src/components/ActivityTimeline.test.tsx" name="ActivityTimeline &gt; shows edit/delete for activities owned by another user when current user is admin" time="0.007826208">
        </testcase>
        <testcase classname="src/components/ActivityTimeline.test.tsx" name="ActivityTimeline &gt; does not show delete/edit when user is null (unauthenticated)" time="0.008495125">
        </testcase>
        <testcase classname="src/components/ActivityTimeline.test.tsx" name="ActivityTimeline &gt; shows the create error message when create mutation fails" time="0.174755">
        </testcase>
        <testcase classname="src/components/ActivityTimeline.test.tsx" name="ActivityTimeline &gt; closes the create form when cancel is clicked" time="0.034955209">
        </testcase>
        <testcase classname="src/components/ActivityTimeline.test.tsx" name="ActivityTimeline &gt; successfully creates an activity and closes the form" time="0.138889875">
        </testcase>
        <testcase classname="src/components/ActivityTimeline.test.tsx" name="ActivityTimeline &gt; successfully updates an activity and closes the edit form" time="0.025807458">
        </testcase>
        <testcase classname="src/components/ActivityTimeline.test.tsx" name="ActivityTimeline &gt; shows the edit error message when update mutation fails" time="0.018482458">
        </testcase>
        <testcase classname="src/components/ActivityTimeline.test.tsx" name="ActivityTimeline &gt; shows the complete error when mark-complete mutation fails" time="0.022165">
        </testcase>
        <testcase classname="src/components/ActivityTimeline.test.tsx" name="ActivityTimeline &gt; deletes an activity when the user confirms the window.confirm dialog" time="0.068465791">
        </testcase>
        <testcase classname="src/components/ActivityTimeline.test.tsx" name="ActivityTimeline &gt; does not delete an activity when the user cancels the window.confirm dialog" time="0.017880791">
        </testcase>
        <testcase classname="src/components/ActivityTimeline.test.tsx" name="ActivityTimeline &gt; shows the delete error when delete mutation fails" time="0.009431792">
        </testcase>
        <testcase classname="src/components/ActivityTimeline.test.tsx" name="ActivityTimeline &gt; closes the edit form when cancel is clicked" time="0.023376375">
        </testcase>
    </testsuite>
    <testsuite name="src/components/AdminRoute.test.tsx" timestamp="2026-05-14T02:22:34.088Z" hostname="Lucindas-MacBook-Pro.local" tests="5" failures="0" errors="0" skipped="0" time="0.125212042">
        <testcase classname="src/components/AdminRoute.test.tsx" name="AdminRoute &gt; shows a loading indicator while the auth check is in progress" time="0.044996791">
            <system-err>
⚠️ React Router Future Flag Warning: React Router will begin wrapping state updates in `React.startTransition` in v7. You can use the `v7_startTransition` future flag to opt-in early. For more information, see https://reactrouter.com/v6/upgrading/future#v7_starttransition.
⚠️ React Router Future Flag Warning: Relative route resolution within Splat routes is changing in v7. You can use the `v7_relativeSplatPath` future flag to opt-in early. For more information, see https://reactrouter.com/v6/upgrading/future#v7_relativesplatpath.

            </system-err>
        </testcase>
        <testcase classname="src/components/AdminRoute.test.tsx" name="AdminRoute &gt; renders child routes when user is an admin" time="0.026862083">
        </testcase>
        <testcase classname="src/components/AdminRoute.test.tsx" name="AdminRoute &gt; redirects to / when user is authenticated but is a rep" time="0.026197833">
        </testcase>
        <testcase classname="src/components/AdminRoute.test.tsx" name="AdminRoute &gt; redirects to /login when user is not authenticated" time="0.009556583">
        </testcase>
        <testcase classname="src/components/AdminRoute.test.tsx" name="AdminRoute &gt; passes the current location as state when redirecting to /login (MINCRM-147)" time="0.009474625">
        </testcase>
    </testsuite>
    <testsuite name="src/components/AttachmentsSection.test.tsx" timestamp="2026-05-14T02:22:34.088Z" hostname="Lucindas-MacBook-Pro.local" tests="20" failures="0" errors="0" skipped="0" time="0.370728958">
        <testcase classname="src/components/AttachmentsSection.test.tsx" name="AttachmentsSection — storage not configured &gt; shows the not-configured message" time="0.055360083">
            <system-err>
⚠️ React Router Future Flag Warning: React Router will begin wrapping state updates in `React.startTransition` in v7. You can use the `v7_startTransition` future flag to opt-in early. For more information, see https://reactrouter.com/v6/upgrading/future#v7_starttransition.
⚠️ React Router Future Flag Warning: Relative route resolution within Splat routes is changing in v7. You can use the `v7_relativeSplatPath` future flag to opt-in early. For more information, see https://reactrouter.com/v6/upgrading/future#v7_relativesplatpath.

            </system-err>
        </testcase>
        <testcase classname="src/components/AttachmentsSection.test.tsx" name="AttachmentsSection — storage not configured &gt; does not show the upload zone when storage is not configured" time="0.0247195">
        </testcase>
        <testcase classname="src/components/AttachmentsSection.test.tsx" name="AttachmentsSection — storage configured &gt; shows the upload zone" time="0.016176458">
        </testcase>
        <testcase classname="src/components/AttachmentsSection.test.tsx" name="AttachmentsSection — storage configured &gt; shows the empty state when there are no attachments" time="0.013467">
        </testcase>
        <testcase classname="src/components/AttachmentsSection.test.tsx" name="AttachmentsSection — storage configured &gt; renders attachment rows" time="0.028570958">
        </testcase>
        <testcase classname="src/components/AttachmentsSection.test.tsx" name="AttachmentsSection — storage configured &gt; renders a download link for each attachment" time="0.012344875">
        </testcase>
        <testcase classname="src/components/AttachmentsSection.test.tsx" name="AttachmentsSection — storage configured &gt; renders a delete button for each attachment" time="0.010360041">
        </testcase>
        <testcase classname="src/components/AttachmentsSection.test.tsx" name="AttachmentsSection — delete confirmation dialog &gt; opens the confirmation dialog when delete is clicked" time="0.013190916">
        </testcase>
        <testcase classname="src/components/AttachmentsSection.test.tsx" name="AttachmentsSection — delete confirmation dialog &gt; closes the dialog on cancel" time="0.01590575">
        </testcase>
        <testcase classname="src/components/AttachmentsSection.test.tsx" name="AttachmentsSection — delete confirmation dialog &gt; removes the row and closes the dialog after confirmed delete" time="0.0218365">
        </testcase>
        <testcase classname="src/components/AttachmentsSection.test.tsx" name="AttachmentsSection — upload validation &gt; shows an error for oversized files before upload" time="0.024342042">
        </testcase>
        <testcase classname="src/components/AttachmentsSection.test.tsx" name="AttachmentsSection — upload validation &gt; shows a storage-cap error when the server returns STORAGE_CAP_EXCEEDED" time="0.017951375">
        </testcase>
        <testcase classname="src/components/AttachmentsSection.test.tsx" name="AttachmentsSection — upload validation &gt; shows a file-type error when the server returns VALIDATION_ERROR" time="0.018932333">
        </testcase>
        <testcase classname="src/components/AttachmentsSection.test.tsx" name="AttachmentsSection — upload validation &gt; shows a generic upload error for unexpected server errors" time="0.014265084">
        </testcase>
        <testcase classname="src/components/AttachmentsSection.test.tsx" name="AttachmentsSection — upload validation &gt; sets isDragging when a file is dragged over the upload zone" time="0.007366875">
        </testcase>
        <testcase classname="src/components/AttachmentsSection.test.tsx" name="AttachmentsSection — upload validation &gt; clears isDragging when a drag leaves the upload zone" time="0.014379416">
        </testcase>
        <testcase classname="src/components/AttachmentsSection.test.tsx" name="AttachmentsSection — delete error &gt; shows a delete error message when the delete mutation fails" time="0.024534667">
        </testcase>
        <testcase classname="src/components/AttachmentsSection.test.tsx" name="AttachmentsSection — file size formatting &gt; displays bytes for very small attachments" time="0.015670833">
        </testcase>
        <testcase classname="src/components/AttachmentsSection.test.tsx" name="AttachmentsSection — file size formatting &gt; displays KB for sub-megabyte attachments" time="0.00812925">
        </testcase>
        <testcase classname="src/components/AttachmentsSection.test.tsx" name="AttachmentsSection — file size formatting &gt; displays MB for large attachments" time="0.009134958">
        </testcase>
    </testsuite>
    <testsuite name="src/components/BulkActionBar.test.tsx" timestamp="2026-05-14T02:22:34.089Z" hostname="Lucindas-MacBook-Pro.local" tests="8" failures="0" errors="0" skipped="0" time="0.19268">
        <testcase classname="src/components/BulkActionBar.test.tsx" name="BulkActionBar &gt; renders nothing when selectedCount is 0" time="0.030167958">
            <system-err>
⚠️ React Router Future Flag Warning: React Router will begin wrapping state updates in `React.startTransition` in v7. You can use the `v7_startTransition` future flag to opt-in early. For more information, see https://reactrouter.com/v6/upgrading/future#v7_starttransition.
⚠️ React Router Future Flag Warning: Relative route resolution within Splat routes is changing in v7. You can use the `v7_relativeSplatPath` future flag to opt-in early. For more information, see https://reactrouter.com/v6/upgrading/future#v7_relativesplatpath.

            </system-err>
        </testcase>
        <testcase classname="src/components/BulkActionBar.test.tsx" name="BulkActionBar &gt; renders the bar when selectedCount is greater than 0" time="0.022359959">
        </testcase>
        <testcase classname="src/components/BulkActionBar.test.tsx" name="BulkActionBar &gt; displays the selected count" time="0.005143541">
        </testcase>
        <testcase classname="src/components/BulkActionBar.test.tsx" name="BulkActionBar &gt; renders all provided action buttons" time="0.008417542">
        </testcase>
        <testcase classname="src/components/BulkActionBar.test.tsx" name="BulkActionBar &gt; calls onAction with the correct key when an action button is clicked" time="0.112532875">
        </testcase>
        <testcase classname="src/components/BulkActionBar.test.tsx" name="BulkActionBar &gt; calls onClearSelection when clear button is clicked" time="0.003174708">
        </testcase>
        <testcase classname="src/components/BulkActionBar.test.tsx" name="BulkActionBar &gt; uses &quot;secondary&quot; variant by default when no variant is specified" time="0.001973792">
        </testcase>
        <testcase classname="src/components/BulkActionBar.test.tsx" name="BulkActionBar &gt; hides the bar when selectedCount drops back to 0" time="0.002391792">
        </testcase>
    </testsuite>
    <testsuite name="src/components/BulkChangeStageModal.test.tsx" timestamp="2026-05-14T02:22:34.089Z" hostname="Lucindas-MacBook-Pro.local" tests="10" failures="0" errors="0" skipped="0" time="0.129210167">
        <testcase classname="src/components/BulkChangeStageModal.test.tsx" name="BulkChangeStageModal &gt; does not render when isOpen is false" time="0.028092792">
            <system-err>
⚠️ React Router Future Flag Warning: React Router will begin wrapping state updates in `React.startTransition` in v7. You can use the `v7_startTransition` future flag to opt-in early. For more information, see https://reactrouter.com/v6/upgrading/future#v7_starttransition.
⚠️ React Router Future Flag Warning: Relative route resolution within Splat routes is changing in v7. You can use the `v7_relativeSplatPath` future flag to opt-in early. For more information, see https://reactrouter.com/v6/upgrading/future#v7_relativesplatpath.

            </system-err>
        </testcase>
        <testcase classname="src/components/BulkChangeStageModal.test.tsx" name="BulkChangeStageModal &gt; renders the modal with stage select when isOpen is true" time="0.009887958">
        </testcase>
        <testcase classname="src/components/BulkChangeStageModal.test.tsx" name="BulkChangeStageModal &gt; confirm button is disabled when no stage is selected" time="0.006006458">
        </testcase>
        <testcase classname="src/components/BulkChangeStageModal.test.tsx" name="BulkChangeStageModal &gt; calls onConfirm with the selected stage name when confirmed" time="0.009133792">
        </testcase>
        <testcase classname="src/components/BulkChangeStageModal.test.tsx" name="BulkChangeStageModal &gt; calls onCancel when the cancel button is clicked" time="0.007096167">
        </testcase>
        <testcase classname="src/components/BulkChangeStageModal.test.tsx" name="BulkChangeStageModal &gt; calls onCancel when the backdrop is clicked" time="0.005046166">
        </testcase>
        <testcase classname="src/components/BulkChangeStageModal.test.tsx" name="BulkChangeStageModal &gt; calls onCancel when Escape key is pressed" time="0.021815458">
        </testcase>
        <testcase classname="src/components/BulkChangeStageModal.test.tsx" name="BulkChangeStageModal &gt; disables buttons and select when isPending is true" time="0.007895666">
        </testcase>
        <testcase classname="src/components/BulkChangeStageModal.test.tsx" name="BulkChangeStageModal &gt; does not call onCancel when Escape pressed while isPending" time="0.020883667">
        </testcase>
        <testcase classname="src/components/BulkChangeStageModal.test.tsx" name="BulkChangeStageModal &gt; does not call onCancel when backdrop clicked while isPending" time="0.005374084">
        </testcase>
    </testsuite>
    <testsuite name="src/components/BulkReassignModal.test.tsx" timestamp="2026-05-14T02:22:34.090Z" hostname="Lucindas-MacBook-Pro.local" tests="10" failures="0" errors="0" skipped="0" time="0.124305708">
        <testcase classname="src/components/BulkReassignModal.test.tsx" name="BulkReassignModal &gt; does not render when isOpen is false" time="0.031926">
            <system-err>
⚠️ React Router Future Flag Warning: React Router will begin wrapping state updates in `React.startTransition` in v7. You can use the `v7_startTransition` future flag to opt-in early. For more information, see https://reactrouter.com/v6/upgrading/future#v7_starttransition.
⚠️ React Router Future Flag Warning: Relative route resolution within Splat routes is changing in v7. You can use the `v7_relativeSplatPath` future flag to opt-in early. For more information, see https://reactrouter.com/v6/upgrading/future#v7_relativesplatpath.

            </system-err>
        </testcase>
        <testcase classname="src/components/BulkReassignModal.test.tsx" name="BulkReassignModal &gt; renders the modal with owner select when isOpen is true" time="0.011379292">
        </testcase>
        <testcase classname="src/components/BulkReassignModal.test.tsx" name="BulkReassignModal &gt; confirm button is disabled when no owner is selected" time="0.004714084">
        </testcase>
        <testcase classname="src/components/BulkReassignModal.test.tsx" name="BulkReassignModal &gt; calls onConfirm with the selected owner_id when confirmed" time="0.012595541">
        </testcase>
        <testcase classname="src/components/BulkReassignModal.test.tsx" name="BulkReassignModal &gt; calls onCancel when the cancel button is clicked" time="0.00770825">
        </testcase>
        <testcase classname="src/components/BulkReassignModal.test.tsx" name="BulkReassignModal &gt; calls onCancel when the backdrop is clicked" time="0.005371375">
        </testcase>
        <testcase classname="src/components/BulkReassignModal.test.tsx" name="BulkReassignModal &gt; calls onCancel when Escape key is pressed" time="0.0146375">
        </testcase>
        <testcase classname="src/components/BulkReassignModal.test.tsx" name="BulkReassignModal &gt; disables buttons and select when isPending is true" time="0.004920125">
        </testcase>
        <testcase classname="src/components/BulkReassignModal.test.tsx" name="BulkReassignModal &gt; does not call onCancel when Escape pressed while isPending" time="0.004880458">
        </testcase>
        <testcase classname="src/components/BulkReassignModal.test.tsx" name="BulkReassignModal &gt; does not call onCancel when backdrop clicked while isPending" time="0.004813125">
        </testcase>
    </testsuite>
    <testsuite name="src/components/ChangeHistory.test.tsx" timestamp="2026-05-14T02:22:34.090Z" hostname="Lucindas-MacBook-Pro.local" tests="26" failures="0" errors="0" skipped="0" time="0.414529583">
        <testcase classname="src/components/ChangeHistory.test.tsx" name="ChangeHistory &gt; shows loading state while fetching" time="0.038409042">
            <system-err>
⚠️ React Router Future Flag Warning: React Router will begin wrapping state updates in `React.startTransition` in v7. You can use the `v7_startTransition` future flag to opt-in early. For more information, see https://reactrouter.com/v6/upgrading/future#v7_starttransition.
⚠️ React Router Future Flag Warning: Relative route resolution within Splat routes is changing in v7. You can use the `v7_relativeSplatPath` future flag to opt-in early. For more information, see https://reactrouter.com/v6/upgrading/future#v7_relativesplatpath.

            </system-err>
        </testcase>
        <testcase classname="src/components/ChangeHistory.test.tsx" name="ChangeHistory &gt; shows empty state when there is no history" time="0.034082666">
        </testcase>
        <testcase classname="src/components/ChangeHistory.test.tsx" name="ChangeHistory &gt; renders history entries from the API" time="0.027329125">
        </testcase>
        <testcase classname="src/components/ChangeHistory.test.tsx" name="ChangeHistory &gt; renders the timestamp element with data-testid" time="0.0103145">
        </testcase>
        <testcase classname="src/components/ChangeHistory.test.tsx" name="ChangeHistory &gt; shows &quot;Show all&quot; toggle when there are 20 or more preview entries" time="0.022933708">
        </testcase>
        <testcase classname="src/components/ChangeHistory.test.tsx" name="ChangeHistory &gt; does not show the toggle when there are fewer than 20 entries" time="0.012857166">
        </testcase>
        <testcase classname="src/components/ChangeHistory.test.tsx" name="ChangeHistory &gt; clicking &quot;Show all&quot; triggers the full history query" time="0.041238">
        </testcase>
        <testcase classname="src/components/ChangeHistory.test.tsx" name="ChangeHistory &gt; renders the section heading" time="0.002308292">
        </testcase>
        <testcase classname="src/components/ChangeHistory.test.tsx" name="ChangeHistory &gt; renders an updated entry summary with field name" time="0.012320958">
        </testcase>
        <testcase classname="src/components/ChangeHistory.test.tsx" name="ChangeHistory &gt; renders a deleted entry summary" time="0.027722875">
        </testcase>
        <testcase classname="src/components/ChangeHistory.test.tsx" name="ChangeHistory &gt; renders a login entry summary" time="0.010022959">
        </testcase>
        <testcase classname="src/components/ChangeHistory.test.tsx" name="ChangeHistory &gt; renders a logout entry summary" time="0.012717875">
        </testcase>
        <testcase classname="src/components/ChangeHistory.test.tsx" name="ChangeHistory &gt; renders a password_changed entry summary" time="0.016575375">
        </testcase>
        <testcase classname="src/components/ChangeHistory.test.tsx" name="ChangeHistory &gt; renders a role_changed entry summary" time="0.011925375">
        </testcase>
        <testcase classname="src/components/ChangeHistory.test.tsx" name="ChangeHistory &gt; renders a deactivated entry summary" time="0.006180458">
        </testcase>
        <testcase classname="src/components/ChangeHistory.test.tsx" name="ChangeHistory &gt; renders a reactivated entry summary" time="0.012006708">
        </testcase>
        <testcase classname="src/components/ChangeHistory.test.tsx" name="ChangeHistory &gt; renders an ownership_reassigned entry summary" time="0.006994458">
        </testcase>
        <testcase classname="src/components/ChangeHistory.test.tsx" name="ChangeHistory &gt; renders an unknown event_type with a default fallback summary" time="0.008028667">
        </testcase>
        <testcase classname="src/components/ChangeHistory.test.tsx" name="ChangeHistory &gt; renders an updated entry without field_name gracefully" time="0.014136166">
        </testcase>
        <testcase classname="src/components/ChangeHistory.test.tsx" name="ChangeHistory &gt; renders an entry for a null changed_by_name as Unknown" time="0.015194375">
        </testcase>
        <testcase classname="src/components/ChangeHistory.test.tsx" name="ChangeHistory &gt; shows &quot;just now&quot; for entries created less than 60 seconds ago" time="0.008391125">
        </testcase>
        <testcase classname="src/components/ChangeHistory.test.tsx" name="ChangeHistory &gt; shows a minutes-ago label for entries created 2 minutes ago" time="0.008758917">
        </testcase>
        <testcase classname="src/components/ChangeHistory.test.tsx" name="ChangeHistory &gt; shows an hours-ago label for entries created 3 hours ago" time="0.006059958">
        </testcase>
        <testcase classname="src/components/ChangeHistory.test.tsx" name="ChangeHistory &gt; shows a days-ago label for entries created 2 days ago" time="0.007223416">
        </testcase>
        <testcase classname="src/components/ChangeHistory.test.tsx" name="ChangeHistory &gt; falls back to a locale date string for entries older than 7 days" time="0.014450916">
        </testcase>
        <testcase classname="src/components/ChangeHistory.test.tsx" name="ChangeHistory &gt; shows the &quot;Show less&quot; label after &quot;Show all&quot; is clicked and data loads" time="0.021953292">
        </testcase>
    </testsuite>
    <testsuite name="src/components/CloseDealModal.test.tsx" timestamp="2026-05-14T02:22:34.091Z" hostname="Lucindas-MacBook-Pro.local" tests="10" failures="0" errors="0" skipped="0" time="0.096483041">
        <testcase classname="src/components/CloseDealModal.test.tsx" name="CloseDealModal &gt; does not render when isOpen is false" time="0.033445334">
            <system-err>
⚠️ React Router Future Flag Warning: React Router will begin wrapping state updates in `React.startTransition` in v7. You can use the `v7_startTransition` future flag to opt-in early. For more information, see https://reactrouter.com/v6/upgrading/future#v7_starttransition.
⚠️ React Router Future Flag Warning: Relative route resolution within Splat routes is changing in v7. You can use the `v7_relativeSplatPath` future flag to opt-in early. For more information, see https://reactrouter.com/v6/upgrading/future#v7_relativesplatpath.

            </system-err>
        </testcase>
        <testcase classname="src/components/CloseDealModal.test.tsx" name="CloseDealModal &gt; renders the modal for Closed Won without a loss reason field" time="0.009542917">
        </testcase>
        <testcase classname="src/components/CloseDealModal.test.tsx" name="CloseDealModal &gt; renders the modal for Closed Lost with a loss reason field" time="0.004934667">
        </testcase>
        <testcase classname="src/components/CloseDealModal.test.tsx" name="CloseDealModal &gt; pre-fills the close date with initialCloseDate" time="0.004827041">
        </testcase>
        <testcase classname="src/components/CloseDealModal.test.tsx" name="CloseDealModal &gt; calls onConfirm with date and empty reason for Closed Won" time="0.009343167">
        </testcase>
        <testcase classname="src/components/CloseDealModal.test.tsx" name="CloseDealModal &gt; calls onConfirm with date and loss reason for Closed Lost" time="0.006838458">
        </testcase>
        <testcase classname="src/components/CloseDealModal.test.tsx" name="CloseDealModal &gt; calls onCancel when cancel button is clicked" time="0.005329875">
        </testcase>
        <testcase classname="src/components/CloseDealModal.test.tsx" name="CloseDealModal &gt; disables confirm and cancel buttons when isSubmitting is true" time="0.004847208">
        </testcase>
        <testcase classname="src/components/CloseDealModal.test.tsx" name="CloseDealModal &gt; shows an error message when error prop is set" time="0.004673958">
        </testcase>
        <testcase classname="src/components/CloseDealModal.test.tsx" name="CloseDealModal &gt; date input has max attribute set to today to prevent future date selection (MINCRM-121)" time="0.005846417">
        </testcase>
    </testsuite>
    <testsuite name="src/components/ConfirmDeleteModal.test.tsx" timestamp="2026-05-14T02:22:34.092Z" hostname="Lucindas-MacBook-Pro.local" tests="10" failures="0" errors="0" skipped="0" time="0.116366875">
        <testcase classname="src/components/ConfirmDeleteModal.test.tsx" name="ConfirmDeleteModal &gt; does not render when isOpen is false" time="0.038573583">
            <system-err>
⚠️ React Router Future Flag Warning: React Router will begin wrapping state updates in `React.startTransition` in v7. You can use the `v7_startTransition` future flag to opt-in early. For more information, see https://reactrouter.com/v6/upgrading/future#v7_starttransition.
⚠️ React Router Future Flag Warning: Relative route resolution within Splat routes is changing in v7. You can use the `v7_relativeSplatPath` future flag to opt-in early. For more information, see https://reactrouter.com/v6/upgrading/future#v7_relativesplatpath.

            </system-err>
        </testcase>
        <testcase classname="src/components/ConfirmDeleteModal.test.tsx" name="ConfirmDeleteModal &gt; renders the modal with title and message when isOpen is true" time="0.010109542">
        </testcase>
        <testcase classname="src/components/ConfirmDeleteModal.test.tsx" name="ConfirmDeleteModal &gt; is a dialog element with aria-modal and aria-labelledby" time="0.004615209">
        </testcase>
        <testcase classname="src/components/ConfirmDeleteModal.test.tsx" name="ConfirmDeleteModal &gt; calls onConfirm when the delete button is clicked" time="0.007062">
        </testcase>
        <testcase classname="src/components/ConfirmDeleteModal.test.tsx" name="ConfirmDeleteModal &gt; calls onCancel when the cancel button is clicked" time="0.006621833">
        </testcase>
        <testcase classname="src/components/ConfirmDeleteModal.test.tsx" name="ConfirmDeleteModal &gt; calls onCancel when the backdrop is clicked" time="0.004714291">
        </testcase>
        <testcase classname="src/components/ConfirmDeleteModal.test.tsx" name="ConfirmDeleteModal &gt; calls onCancel when Escape key is pressed" time="0.0048965">
        </testcase>
        <testcase classname="src/components/ConfirmDeleteModal.test.tsx" name="ConfirmDeleteModal &gt; disables confirm and cancel buttons when isDeleting is true" time="0.014125875">
        </testcase>
        <testcase classname="src/components/ConfirmDeleteModal.test.tsx" name="ConfirmDeleteModal &gt; does not call onCancel when backdrop is clicked while isDeleting" time="0.005057583">
        </testcase>
        <testcase classname="src/components/ConfirmDeleteModal.test.tsx" name="ConfirmDeleteModal &gt; does not call onCancel when Escape pressed while isDeleting" time="0.0075765">
        </testcase>
    </testsuite>
    <testsuite name="src/components/ContactForm.test.tsx" timestamp="2026-05-14T02:22:34.092Z" hostname="Lucindas-MacBook-Pro.local" tests="26" failures="0" errors="0" skipped="0" time="0.759863209">
        <testcase classname="src/components/ContactForm.test.tsx" name="ContactForm &gt; field rendering &gt; renders all core fields" time="0.051854458">
            <system-err>
⚠️ React Router Future Flag Warning: React Router will begin wrapping state updates in `React.startTransition` in v7. You can use the `v7_startTransition` future flag to opt-in early. For more information, see https://reactrouter.com/v6/upgrading/future#v7_starttransition.
⚠️ React Router Future Flag Warning: Relative route resolution within Splat routes is changing in v7. You can use the `v7_relativeSplatPath` future flag to opt-in early. For more information, see https://reactrouter.com/v6/upgrading/future#v7_relativesplatpath.

            </system-err>
        </testcase>
        <testcase classname="src/components/ContactForm.test.tsx" name="ContactForm &gt; field rendering &gt; does not render owner selector when users prop is omitted" time="0.005951208">
        </testcase>
        <testcase classname="src/components/ContactForm.test.tsx" name="ContactForm &gt; field rendering &gt; renders owner selector when users prop is provided" time="0.005814125">
        </testcase>
        <testcase classname="src/components/ContactForm.test.tsx" name="ContactForm &gt; field rendering &gt; renders account options from accounts prop" time="0.0697635">
        </testcase>
        <testcase classname="src/components/ContactForm.test.tsx" name="ContactForm &gt; initialValues population &gt; pre-populates all fields from initialValues" time="0.007052292">
        </testcase>
        <testcase classname="src/components/ContactForm.test.tsx" name="ContactForm &gt; required-field validation &gt; first_name input is marked required" time="0.006209">
        </testcase>
        <testcase classname="src/components/ContactForm.test.tsx" name="ContactForm &gt; required-field validation &gt; last_name input is marked required" time="0.010790708">
        </testcase>
        <testcase classname="src/components/ContactForm.test.tsx" name="ContactForm &gt; required-field validation &gt; email input is marked required" time="0.00495975">
        </testcase>
        <testcase classname="src/components/ContactForm.test.tsx" name="ContactForm &gt; required-field validation &gt; does not call onSubmit when required fields are empty (user.click respects HTML5 required)" time="0.026366375">
        </testcase>
        <testcase classname="src/components/ContactForm.test.tsx" name="ContactForm &gt; email format validation &gt; email input has type=&quot;email&quot; for browser format enforcement" time="0.003762167">
        </testcase>
        <testcase classname="src/components/ContactForm.test.tsx" name="ContactForm &gt; onSubmit &gt; calls onSubmit with all form values when submitted" time="0.006703667">
        </testcase>
        <testcase classname="src/components/ContactForm.test.tsx" name="ContactForm &gt; cancel button &gt; calls onCancel when the Cancel button is clicked" time="0.020642917">
        </testcase>
        <testcase classname="src/components/ContactForm.test.tsx" name="ContactForm &gt; cancel button &gt; does not render Cancel button when onCancel is not provided" time="0.004816833">
        </testcase>
        <testcase classname="src/components/ContactForm.test.tsx" name="ContactForm &gt; isSubmitting state &gt; disables all inputs and shows saving label when isSubmitting is true" time="0.002865125">
        </testcase>
        <testcase classname="src/components/ContactForm.test.tsx" name="ContactForm &gt; error display &gt; renders the error message in an alert when error prop is set" time="0.006428541">
        </testcase>
        <testcase classname="src/components/ContactForm.test.tsx" name="ContactForm &gt; error display &gt; does not render an alert when error prop is absent" time="0.005177417">
        </testcase>
        <testcase classname="src/components/ContactForm.test.tsx" name="ContactForm &gt; emailWarning prop &gt; renders the email input regardless of emailWarning value" time="0.003556708">
        </testcase>
        <testcase classname="src/components/ContactForm.test.tsx" name="ContactForm &gt; social URL auto-prepend &gt; opens the social section when a social URL is pre-populated" time="0.003745917">
        </testcase>
        <testcase classname="src/components/ContactForm.test.tsx" name="ContactForm &gt; social URL auto-prepend &gt; toggles the social section open and closed" time="0.04626975">
        </testcase>
        <testcase classname="src/components/ContactForm.test.tsx" name="ContactForm &gt; social URL auto-prepend &gt; prepends https:// to linkedin_url on blur when no protocol present" time="0.107844375">
        </testcase>
        <testcase classname="src/components/ContactForm.test.tsx" name="ContactForm &gt; social URL auto-prepend &gt; does not modify a linkedin_url that already has https://" time="0.146257666">
        </testcase>
        <testcase classname="src/components/ContactForm.test.tsx" name="ContactForm &gt; social URL auto-prepend &gt; does not modify a twitter_x_url that already has http://" time="0.084427916">
        </testcase>
        <testcase classname="src/components/ContactForm.test.tsx" name="ContactForm &gt; social URL auto-prepend &gt; prepends https:// to other_url on blur" time="0.078869417">
        </testcase>
        <testcase classname="src/components/ContactForm.test.tsx" name="ContactForm &gt; social URL auto-prepend &gt; does not prepend https:// when the URL field is empty on blur" time="0.020001375">
        </testcase>
        <testcase classname="src/components/ContactForm.test.tsx" name="ContactForm &gt; hideActions prop &gt; hides Save and Cancel buttons when hideActions is true" time="0.003648875">
        </testcase>
        <testcase classname="src/components/ContactForm.test.tsx" name="ContactForm &gt; hideActions prop &gt; shows Save button by default" time="0.002418875">
        </testcase>
    </testsuite>
    <testsuite name="src/components/ContactSelector.test.tsx" timestamp="2026-05-14T02:22:34.093Z" hostname="Lucindas-MacBook-Pro.local" tests="10" failures="0" errors="0" skipped="0" time="1.020195083">
        <testcase classname="src/components/ContactSelector.test.tsx" name="ContactSelector &gt; shows none state when no contacts are selected" time="0.034092167">
            <system-err>
⚠️ React Router Future Flag Warning: React Router will begin wrapping state updates in `React.startTransition` in v7. You can use the `v7_startTransition` future flag to opt-in early. For more information, see https://reactrouter.com/v6/upgrading/future#v7_starttransition.
⚠️ React Router Future Flag Warning: Relative route resolution within Splat routes is changing in v7. You can use the `v7_relativeSplatPath` future flag to opt-in early. For more information, see https://reactrouter.com/v6/upgrading/future#v7_relativesplatpath.

            </system-err>
        </testcase>
        <testcase classname="src/components/ContactSelector.test.tsx" name="ContactSelector &gt; does not show none state when contacts are selected" time="0.020358083">
        </testcase>
        <testcase classname="src/components/ContactSelector.test.tsx" name="ContactSelector &gt; renders chips for selected contacts once fetched" time="0.012772292">
        </testcase>
        <testcase classname="src/components/ContactSelector.test.tsx" name="ContactSelector &gt; calls onChange without the contact when its chip remove button is clicked" time="0.012044708">
        </testcase>
        <testcase classname="src/components/ContactSelector.test.tsx" name="ContactSelector &gt; shows search input when not disabled" time="0.0024765">
        </testcase>
        <testcase classname="src/components/ContactSelector.test.tsx" name="ContactSelector &gt; hides search input and remove buttons in disabled mode" time="0.002407333">
        </testcase>
        <testcase classname="src/components/ContactSelector.test.tsx" name="ContactSelector &gt; shows search results dropdown after typing a query" time="0.307051125">
        </testcase>
        <testcase classname="src/components/ContactSelector.test.tsx" name="ContactSelector &gt; shows no-results state when search returns empty" time="0.310187958">
        </testcase>
        <testcase classname="src/components/ContactSelector.test.tsx" name="ContactSelector &gt; calls onChange with added contact when a search result is clicked" time="0.311088542">
        </testcase>
        <testcase classname="src/components/ContactSelector.test.tsx" name="ContactSelector &gt; does not add the same contact twice" time="0.005203083">
        </testcase>
    </testsuite>
    <testsuite name="src/components/ConvertLeadModal.test.tsx" timestamp="2026-05-14T02:22:34.094Z" hostname="Lucindas-MacBook-Pro.local" tests="18" failures="0" errors="0" skipped="0" time="1.019194041">
        <testcase classname="src/components/ConvertLeadModal.test.tsx" name="ConvertLeadModal &gt; prefilled values from lead prop &gt; prefills contact first name and email from lead" time="0.040465708">
            <system-err>
⚠️ React Router Future Flag Warning: React Router will begin wrapping state updates in `React.startTransition` in v7. You can use the `v7_startTransition` future flag to opt-in early. For more information, see https://reactrouter.com/v6/upgrading/future#v7_starttransition.
⚠️ React Router Future Flag Warning: Relative route resolution within Splat routes is changing in v7. You can use the `v7_relativeSplatPath` future flag to opt-in early. For more information, see https://reactrouter.com/v6/upgrading/future#v7_relativesplatpath.
Warning: An update to ConvertLeadModal inside a test was not wrapped in act(...).

When testing, code that causes React state updates should be wrapped into act(...):

act(() =&gt; {
  /* fire events that update state */
});
/* assert on the output */

This ensures that you&apos;re testing the behavior the user would see in the browser. Learn more at https://reactjs.org/link/wrap-tests-with-act
    at ConvertLeadModal (/Users/rob/dev/minicrm/client/src/components/ConvertLeadModal.tsx:29:29)
    at NavLayoutProvider (/Users/rob/dev/minicrm/client/src/components/NavLayoutContext.tsx:25:30)
    at BrandingProvider (/Users/rob/dev/minicrm/client/src/context/BrandingContext.tsx:90:29)
    at BreakpointProvider (/Users/rob/dev/minicrm/client/src/context/BreakpointContext.tsx:28:31)
    at Router (/Users/rob/dev/minicrm/client/node_modules/react-router/dist/umd/react-router.development.js:1207:17)
    at MemoryRouter (/Users/rob/dev/minicrm/client/node_modules/react-router/dist/umd/react-router.development.js:1101:7)
    at QueryClientProvider (file:///Users/rob/dev/minicrm/client/node_modules/@tanstack/react-query/build/modern/QueryClientProvider.js:20:3)
Warning: An update to ConvertLeadModal inside a test was not wrapped in act(...).

When testing, code that causes React state updates should be wrapped into act(...):

act(() =&gt; {
  /* fire events that update state */
});
/* assert on the output */

This ensures that you&apos;re testing the behavior the user would see in the browser. Learn more at https://reactjs.org/link/wrap-tests-with-act
    at ConvertLeadModal (/Users/rob/dev/minicrm/client/src/components/ConvertLeadModal.tsx:29:29)
    at NavLayoutProvider (/Users/rob/dev/minicrm/client/src/components/NavLayoutContext.tsx:25:30)
    at BrandingProvider (/Users/rob/dev/minicrm/client/src/context/BrandingContext.tsx:90:29)
    at BreakpointProvider (/Users/rob/dev/minicrm/client/src/context/BreakpointContext.tsx:28:31)
    at Router (/Users/rob/dev/minicrm/client/node_modules/react-router/dist/umd/react-router.development.js:1207:17)
    at MemoryRouter (/Users/rob/dev/minicrm/client/node_modules/react-router/dist/umd/react-router.development.js:1101:7)
    at QueryClientProvider (file:///Users/rob/dev/minicrm/client/node_modules/@tanstack/react-query/build/modern/QueryClientProvider.js:20:3)

            </system-err>
        </testcase>
        <testcase classname="src/components/ConvertLeadModal.test.tsx" name="ConvertLeadModal &gt; prefilled values from lead prop &gt; prefills contact last name and phone from lead" time="0.007078375">
            <system-err>
Warning: An update to ConvertLeadModal inside a test was not wrapped in act(...).

When testing, code that causes React state updates should be wrapped into act(...):

act(() =&gt; {
  /* fire events that update state */
});
/* assert on the output */

This ensures that you&apos;re testing the behavior the user would see in the browser. Learn more at https://reactjs.org/link/wrap-tests-with-act
    at ConvertLeadModal (/Users/rob/dev/minicrm/client/src/components/ConvertLeadModal.tsx:29:29)
    at NavLayoutProvider (/Users/rob/dev/minicrm/client/src/components/NavLayoutContext.tsx:25:30)
    at BrandingProvider (/Users/rob/dev/minicrm/client/src/context/BrandingContext.tsx:90:29)
    at BreakpointProvider (/Users/rob/dev/minicrm/client/src/context/BreakpointContext.tsx:28:31)
    at Router (/Users/rob/dev/minicrm/client/node_modules/react-router/dist/umd/react-router.development.js:1207:17)
    at MemoryRouter (/Users/rob/dev/minicrm/client/node_modules/react-router/dist/umd/react-router.development.js:1101:7)
    at QueryClientProvider (file:///Users/rob/dev/minicrm/client/node_modules/@tanstack/react-query/build/modern/QueryClientProvider.js:20:3)
Warning: An update to ConvertLeadModal inside a test was not wrapped in act(...).

When testing, code that causes React state updates should be wrapped into act(...):

act(() =&gt; {
  /* fire events that update state */
});
/* assert on the output */

This ensures that you&apos;re testing the behavior the user would see in the browser. Learn more at https://reactjs.org/link/wrap-tests-with-act
    at ConvertLeadModal (/Users/rob/dev/minicrm/client/src/components/ConvertLeadModal.tsx:29:29)
    at NavLayoutProvider (/Users/rob/dev/minicrm/client/src/components/NavLayoutContext.tsx:25:30)
    at BrandingProvider (/Users/rob/dev/minicrm/client/src/context/BrandingContext.tsx:90:29)
    at BreakpointProvider (/Users/rob/dev/minicrm/client/src/context/BreakpointContext.tsx:28:31)
    at Router (/Users/rob/dev/minicrm/client/node_modules/react-router/dist/umd/react-router.development.js:1207:17)
    at MemoryRouter (/Users/rob/dev/minicrm/client/node_modules/react-router/dist/umd/react-router.development.js:1101:7)
    at QueryClientProvider (file:///Users/rob/dev/minicrm/client/node_modules/@tanstack/react-query/build/modern/QueryClientProvider.js:20:3)

            </system-err>
        </testcase>
        <testcase classname="src/components/ConvertLeadModal.test.tsx" name="ConvertLeadModal &gt; prefilled values from lead prop &gt; prefills account name from lead company_name" time="0.00611275">
            <system-err>
Warning: An update to ConvertLeadModal inside a test was not wrapped in act(...).

When testing, code that causes React state updates should be wrapped into act(...):

act(() =&gt; {
  /* fire events that update state */
});
/* assert on the output */

This ensures that you&apos;re testing the behavior the user would see in the browser. Learn more at https://reactjs.org/link/wrap-tests-with-act
    at ConvertLeadModal (/Users/rob/dev/minicrm/client/src/components/ConvertLeadModal.tsx:29:29)
    at NavLayoutProvider (/Users/rob/dev/minicrm/client/src/components/NavLayoutContext.tsx:25:30)
    at BrandingProvider (/Users/rob/dev/minicrm/client/src/context/BrandingContext.tsx:90:29)
    at BreakpointProvider (/Users/rob/dev/minicrm/client/src/context/BreakpointContext.tsx:28:31)
    at Router (/Users/rob/dev/minicrm/client/node_modules/react-router/dist/umd/react-router.development.js:1207:17)
    at MemoryRouter (/Users/rob/dev/minicrm/client/node_modules/react-router/dist/umd/react-router.development.js:1101:7)
    at QueryClientProvider (file:///Users/rob/dev/minicrm/client/node_modules/@tanstack/react-query/build/modern/QueryClientProvider.js:20:3)
Warning: An update to ConvertLeadModal inside a test was not wrapped in act(...).

When testing, code that causes React state updates should be wrapped into act(...):

act(() =&gt; {
  /* fire events that update state */
});
/* assert on the output */

This ensures that you&apos;re testing the behavior the user would see in the browser. Learn more at https://reactjs.org/link/wrap-tests-with-act
    at ConvertLeadModal (/Users/rob/dev/minicrm/client/src/components/ConvertLeadModal.tsx:29:29)
    at NavLayoutProvider (/Users/rob/dev/minicrm/client/src/components/NavLayoutContext.tsx:25:30)
    at BrandingProvider (/Users/rob/dev/minicrm/client/src/context/BrandingContext.tsx:90:29)
    at BreakpointProvider (/Users/rob/dev/minicrm/client/src/context/BreakpointContext.tsx:28:31)
    at Router (/Users/rob/dev/minicrm/client/node_modules/react-router/dist/umd/react-router.development.js:1207:17)
    at MemoryRouter (/Users/rob/dev/minicrm/client/node_modules/react-router/dist/umd/react-router.development.js:1101:7)
    at QueryClientProvider (file:///Users/rob/dev/minicrm/client/node_modules/@tanstack/react-query/build/modern/QueryClientProvider.js:20:3)

            </system-err>
        </testcase>
        <testcase classname="src/components/ConvertLeadModal.test.tsx" name="ConvertLeadModal &gt; prefilled values from lead prop &gt; renders a deal name field that includes the company name suffix" time="0.008638">
            <system-err>
Warning: An update to ConvertLeadModal inside a test was not wrapped in act(...).

When testing, code that causes React state updates should be wrapped into act(...):

act(() =&gt; {
  /* fire events that update state */
});
/* assert on the output */

This ensures that you&apos;re testing the behavior the user would see in the browser. Learn more at https://reactjs.org/link/wrap-tests-with-act
    at ConvertLeadModal (/Users/rob/dev/minicrm/client/src/components/ConvertLeadModal.tsx:29:29)
    at NavLayoutProvider (/Users/rob/dev/minicrm/client/src/components/NavLayoutContext.tsx:25:30)
    at BrandingProvider (/Users/rob/dev/minicrm/client/src/context/BrandingContext.tsx:90:29)
    at BreakpointProvider (/Users/rob/dev/minicrm/client/src/context/BreakpointContext.tsx:28:31)
    at Router (/Users/rob/dev/minicrm/client/node_modules/react-router/dist/umd/react-router.development.js:1207:17)
    at MemoryRouter (/Users/rob/dev/minicrm/client/node_modules/react-router/dist/umd/react-router.development.js:1101:7)
    at QueryClientProvider (file:///Users/rob/dev/minicrm/client/node_modules/@tanstack/react-query/build/modern/QueryClientProvider.js:20:3)
Warning: An update to ConvertLeadModal inside a test was not wrapped in act(...).

When testing, code that causes React state updates should be wrapped into act(...):

act(() =&gt; {
  /* fire events that update state */
});
/* assert on the output */

This ensures that you&apos;re testing the behavior the user would see in the browser. Learn more at https://reactjs.org/link/wrap-tests-with-act
    at ConvertLeadModal (/Users/rob/dev/minicrm/client/src/components/ConvertLeadModal.tsx:29:29)
    at NavLayoutProvider (/Users/rob/dev/minicrm/client/src/components/NavLayoutContext.tsx:25:30)
    at BrandingProvider (/Users/rob/dev/minicrm/client/src/context/BrandingContext.tsx:90:29)
    at BreakpointProvider (/Users/rob/dev/minicrm/client/src/context/BreakpointContext.tsx:28:31)
    at Router (/Users/rob/dev/minicrm/client/node_modules/react-router/dist/umd/react-router.development.js:1207:17)
    at MemoryRouter (/Users/rob/dev/minicrm/client/node_modules/react-router/dist/umd/react-router.development.js:1101:7)
    at QueryClientProvider (file:///Users/rob/dev/minicrm/client/node_modules/@tanstack/react-query/build/modern/QueryClientProvider.js:20:3)

            </system-err>
        </testcase>
        <testcase classname="src/components/ConvertLeadModal.test.tsx" name="ConvertLeadModal &gt; account mode toggle &gt; defaults to &quot;Create&quot; mode with an account name input" time="0.007065958">
            <system-err>
Warning: An update to ConvertLeadModal inside a test was not wrapped in act(...).

When testing, code that causes React state updates should be wrapped into act(...):

act(() =&gt; {
  /* fire events that update state */
});
/* assert on the output */

This ensures that you&apos;re testing the behavior the user would see in the browser. Learn more at https://reactjs.org/link/wrap-tests-with-act
    at ConvertLeadModal (/Users/rob/dev/minicrm/client/src/components/ConvertLeadModal.tsx:29:29)
    at NavLayoutProvider (/Users/rob/dev/minicrm/client/src/components/NavLayoutContext.tsx:25:30)
    at BrandingProvider (/Users/rob/dev/minicrm/client/src/context/BrandingContext.tsx:90:29)
    at BreakpointProvider (/Users/rob/dev/minicrm/client/src/context/BreakpointContext.tsx:28:31)
    at Router (/Users/rob/dev/minicrm/client/node_modules/react-router/dist/umd/react-router.development.js:1207:17)
    at MemoryRouter (/Users/rob/dev/minicrm/client/node_modules/react-router/dist/umd/react-router.development.js:1101:7)
    at QueryClientProvider (file:///Users/rob/dev/minicrm/client/node_modules/@tanstack/react-query/build/modern/QueryClientProvider.js:20:3)
Warning: An update to ConvertLeadModal inside a test was not wrapped in act(...).

When testing, code that causes React state updates should be wrapped into act(...):

act(() =&gt; {
  /* fire events that update state */
});
/* assert on the output */

This ensures that you&apos;re testing the behavior the user would see in the browser. Learn more at https://reactjs.org/link/wrap-tests-with-act
    at ConvertLeadModal (/Users/rob/dev/minicrm/client/src/components/ConvertLeadModal.tsx:29:29)
    at NavLayoutProvider (/Users/rob/dev/minicrm/client/src/components/NavLayoutContext.tsx:25:30)
    at BrandingProvider (/Users/rob/dev/minicrm/client/src/context/BrandingContext.tsx:90:29)
    at BreakpointProvider (/Users/rob/dev/minicrm/client/src/context/BreakpointContext.tsx:28:31)
    at Router (/Users/rob/dev/minicrm/client/node_modules/react-router/dist/umd/react-router.development.js:1207:17)
    at MemoryRouter (/Users/rob/dev/minicrm/client/node_modules/react-router/dist/umd/react-router.development.js:1101:7)
    at QueryClientProvider (file:///Users/rob/dev/minicrm/client/node_modules/@tanstack/react-query/build/modern/QueryClientProvider.js:20:3)

            </system-err>
        </testcase>
        <testcase classname="src/components/ConvertLeadModal.test.tsx" name="ConvertLeadModal &gt; account mode toggle &gt; switches to &quot;Link&quot; mode and shows the search input when Link button is clicked" time="0.07696725">
        </testcase>
        <testcase classname="src/components/ConvertLeadModal.test.tsx" name="ConvertLeadModal &gt; account mode toggle &gt; switches back to &quot;Create&quot; mode from Link mode" time="0.043331125">
        </testcase>
        <testcase classname="src/components/ConvertLeadModal.test.tsx" name="ConvertLeadModal &gt; account mode toggle &gt; shows account search results in Link mode after typing" time="0.3506005">
        </testcase>
        <testcase classname="src/components/ConvertLeadModal.test.tsx" name="ConvertLeadModal &gt; account mode toggle &gt; selects an account from search results in Link mode" time="0.361654083">
        </testcase>
        <testcase classname="src/components/ConvertLeadModal.test.tsx" name="ConvertLeadModal &gt; validation &gt; shows an error when Link mode is active but no account is selected" time="0.028777708">
        </testcase>
        <testcase classname="src/components/ConvertLeadModal.test.tsx" name="ConvertLeadModal &gt; validation &gt; shows an error when contact first name is cleared" time="0.007318542">
            <system-err>
Warning: An update to ConvertLeadModal inside a test was not wrapped in act(...).

When testing, code that causes React state updates should be wrapped into act(...):

act(() =&gt; {
  /* fire events that update state */
});
/* assert on the output */

This ensures that you&apos;re testing the behavior the user would see in the browser. Learn more at https://reactjs.org/link/wrap-tests-with-act
    at ConvertLeadModal (/Users/rob/dev/minicrm/client/src/components/ConvertLeadModal.tsx:29:29)
    at NavLayoutProvider (/Users/rob/dev/minicrm/client/src/components/NavLayoutContext.tsx:25:30)
    at BrandingProvider (/Users/rob/dev/minicrm/client/src/context/BrandingContext.tsx:90:29)
    at BreakpointProvider (/Users/rob/dev/minicrm/client/src/context/BreakpointContext.tsx:28:31)
    at Router (/Users/rob/dev/minicrm/client/node_modules/react-router/dist/umd/react-router.development.js:1207:17)
    at MemoryRouter (/Users/rob/dev/minicrm/client/node_modules/react-router/dist/umd/react-router.development.js:1101:7)
    at QueryClientProvider (file:///Users/rob/dev/minicrm/client/node_modules/@tanstack/react-query/build/modern/QueryClientProvider.js:20:3)
Warning: An update to ConvertLeadModal inside a test was not wrapped in act(...).

When testing, code that causes React state updates should be wrapped into act(...):

act(() =&gt; {
  /* fire events that update state */
});
/* assert on the output */

This ensures that you&apos;re testing the behavior the user would see in the browser. Learn more at https://reactjs.org/link/wrap-tests-with-act
    at ConvertLeadModal (/Users/rob/dev/minicrm/client/src/components/ConvertLeadModal.tsx:29:29)
    at NavLayoutProvider (/Users/rob/dev/minicrm/client/src/components/NavLayoutContext.tsx:25:30)
    at BrandingProvider (/Users/rob/dev/minicrm/client/src/context/BrandingContext.tsx:90:29)
    at BreakpointProvider (/Users/rob/dev/minicrm/client/src/context/BreakpointContext.tsx:28:31)
    at Router (/Users/rob/dev/minicrm/client/node_modules/react-router/dist/umd/react-router.development.js:1207:17)
    at MemoryRouter (/Users/rob/dev/minicrm/client/node_modules/react-router/dist/umd/react-router.development.js:1101:7)
    at QueryClientProvider (file:///Users/rob/dev/minicrm/client/node_modules/@tanstack/react-query/build/modern/QueryClientProvider.js:20:3)

            </system-err>
        </testcase>
        <testcase classname="src/components/ConvertLeadModal.test.tsx" name="ConvertLeadModal &gt; validation &gt; shows an error when deal name is cleared" time="0.007341875">
            <system-err>
Warning: An update to ConvertLeadModal inside a test was not wrapped in act(...).

When testing, code that causes React state updates should be wrapped into act(...):

act(() =&gt; {
  /* fire events that update state */
});
/* assert on the output */

This ensures that you&apos;re testing the behavior the user would see in the browser. Learn more at https://reactjs.org/link/wrap-tests-with-act
    at ConvertLeadModal (/Users/rob/dev/minicrm/client/src/components/ConvertLeadModal.tsx:29:29)
    at NavLayoutProvider (/Users/rob/dev/minicrm/client/src/components/NavLayoutContext.tsx:25:30)
    at BrandingProvider (/Users/rob/dev/minicrm/client/src/context/BrandingContext.tsx:90:29)
    at BreakpointProvider (/Users/rob/dev/minicrm/client/src/context/BreakpointContext.tsx:28:31)
    at Router (/Users/rob/dev/minicrm/client/node_modules/react-router/dist/umd/react-router.development.js:1207:17)
    at MemoryRouter (/Users/rob/dev/minicrm/client/node_modules/react-router/dist/umd/react-router.development.js:1101:7)
    at QueryClientProvider (file:///Users/rob/dev/minicrm/client/node_modules/@tanstack/react-query/build/modern/QueryClientProvider.js:20:3)
Warning: An update to ConvertLeadModal inside a test was not wrapped in act(...).

When testing, code that causes React state updates should be wrapped into act(...):

act(() =&gt; {
  /* fire events that update state */
});
/* assert on the output */

This ensures that you&apos;re testing the behavior the user would see in the browser. Learn more at https://reactjs.org/link/wrap-tests-with-act
    at ConvertLeadModal (/Users/rob/dev/minicrm/client/src/components/ConvertLeadModal.tsx:29:29)
    at NavLayoutProvider (/Users/rob/dev/minicrm/client/src/components/NavLayoutContext.tsx:25:30)
    at BrandingProvider (/Users/rob/dev/minicrm/client/src/context/BrandingContext.tsx:90:29)
    at BreakpointProvider (/Users/rob/dev/minicrm/client/src/context/BreakpointContext.tsx:28:31)
    at Router (/Users/rob/dev/minicrm/client/node_modules/react-router/dist/umd/react-router.development.js:1207:17)
    at MemoryRouter (/Users/rob/dev/minicrm/client/node_modules/react-router/dist/umd/react-router.development.js:1101:7)
    at QueryClientProvider (file:///Users/rob/dev/minicrm/client/node_modules/@tanstack/react-query/build/modern/QueryClientProvider.js:20:3)

            </system-err>
        </testcase>
        <testcase classname="src/components/ConvertLeadModal.test.tsx" name="ConvertLeadModal &gt; successful conversion &gt; calls onConverted with the conversion result on success" time="0.022194292">
        </testcase>
        <testcase classname="src/components/ConvertLeadModal.test.tsx" name="ConvertLeadModal &gt; close behaviour &gt; calls onClose when the X button is clicked" time="0.014144666">
        </testcase>
        <testcase classname="src/components/ConvertLeadModal.test.tsx" name="ConvertLeadModal &gt; close behaviour &gt; calls onClose when the Cancel button is clicked" time="0.013430209">
        </testcase>
        <testcase classname="src/components/ConvertLeadModal.test.tsx" name="ConvertLeadModal &gt; close behaviour &gt; calls onClose when Escape key is pressed" time="0.011565625">
        </testcase>
        <testcase classname="src/components/ConvertLeadModal.test.tsx" name="ConvertLeadModal &gt; dialog accessibility &gt; renders as a dialog with aria-modal" time="0.004900167">
            <system-err>
Warning: An update to ConvertLeadModal inside a test was not wrapped in act(...).

When testing, code that causes React state updates should be wrapped into act(...):

act(() =&gt; {
  /* fire events that update state */
});
/* assert on the output */

This ensures that you&apos;re testing the behavior the user would see in the browser. Learn more at https://reactjs.org/link/wrap-tests-with-act
    at ConvertLeadModal (/Users/rob/dev/minicrm/client/src/components/ConvertLeadModal.tsx:29:29)
    at NavLayoutProvider (/Users/rob/dev/minicrm/client/src/components/NavLayoutContext.tsx:25:30)
    at BrandingProvider (/Users/rob/dev/minicrm/client/src/context/BrandingContext.tsx:90:29)
    at BreakpointProvider (/Users/rob/dev/minicrm/client/src/context/BreakpointContext.tsx:28:31)
    at Router (/Users/rob/dev/minicrm/client/node_modules/react-router/dist/umd/react-router.development.js:1207:17)
    at MemoryRouter (/Users/rob/dev/minicrm/client/node_modules/react-router/dist/umd/react-router.development.js:1101:7)
    at QueryClientProvider (file:///Users/rob/dev/minicrm/client/node_modules/@tanstack/react-query/build/modern/QueryClientProvider.js:20:3)
Warning: An update to ConvertLeadModal inside a test was not wrapped in act(...).

When testing, code that causes React state updates should be wrapped into act(...):

act(() =&gt; {
  /* fire events that update state */
});
/* assert on the output */

This ensures that you&apos;re testing the behavior the user would see in the browser. Learn more at https://reactjs.org/link/wrap-tests-with-act
    at ConvertLeadModal (/Users/rob/dev/minicrm/client/src/components/ConvertLeadModal.tsx:29:29)
    at NavLayoutProvider (/Users/rob/dev/minicrm/client/src/components/NavLayoutContext.tsx:25:30)
    at BrandingProvider (/Users/rob/dev/minicrm/client/src/context/BrandingContext.tsx:90:29)
[...]
        </testcase>
        <testcase classname="src/pages/admin/CustomisationSettings.test.tsx" name="CustomisationSettings — custom fields section &gt; shows validation error when submitting with empty name" time="0.013293875">
        </testcase>
        <testcase classname="src/pages/admin/CustomisationSettings.test.tsx" name="CustomisationSettings — custom fields section &gt; shows options textarea when field type is select" time="0.016123958">
        </testcase>
        <testcase classname="src/pages/admin/CustomisationSettings.test.tsx" name="CustomisationSettings — custom fields section &gt; shows success feedback after successfully adding a field" time="0.043559166">
        </testcase>
        <testcase classname="src/pages/admin/CustomisationSettings.test.tsx" name="CustomisationSettings — custom fields section &gt; shows name conflict error when server returns CUSTOM_FIELD_NAME_CONFLICT" time="0.034917125">
        </testcase>
        <testcase classname="src/pages/admin/CustomisationSettings.test.tsx" name="CustomisationSettings — custom fields section &gt; renders the fields table when definitions exist" time="0.013536292">
        </testcase>
        <testcase classname="src/pages/admin/CustomisationSettings.test.tsx" name="CustomisationSettings — custom fields section &gt; shows delete confirm dialog when delete is clicked" time="0.015507333">
        </testcase>
        <testcase classname="src/pages/admin/CustomisationSettings.test.tsx" name="CustomisationSettings — custom fields section &gt; dismisses delete dialog when cancel is clicked" time="0.014686959">
        </testcase>
        <testcase classname="src/pages/admin/CustomisationSettings.test.tsx" name="CustomisationSettings — custom fields section &gt; shows success feedback after deleting a field" time="0.025025375">
        </testcase>
        <testcase classname="src/pages/admin/CustomisationSettings.test.tsx" name="CustomisationSettings — custom fields section &gt; shows edit inputs when edit button is clicked" time="0.02618775">
        </testcase>
        <testcase classname="src/pages/admin/CustomisationSettings.test.tsx" name="CustomisationSettings — custom fields section &gt; cancels edit and restores row view when cancel is clicked" time="0.018618958">
        </testcase>
        <testcase classname="src/pages/admin/CustomisationSettings.test.tsx" name="CustomisationSettings — custom fields section &gt; changes entity type when a different option is selected" time="0.012748709">
        </testcase>
    </testsuite>
    <testsuite name="src/pages/admin/DataSettings.test.tsx" timestamp="2026-05-14T02:22:34.143Z" hostname="Lucindas-MacBook-Pro.local" tests="20" failures="0" errors="0" skipped="0" time="0.384717541">
        <testcase classname="src/pages/admin/DataSettings.test.tsx" name="DataSettings — sections &gt; renders import, demo, and audit log sections" time="0.048349958">
            <system-err>
⚠️ React Router Future Flag Warning: React Router will begin wrapping state updates in `React.startTransition` in v7. You can use the `v7_startTransition` future flag to opt-in early. For more information, see https://reactrouter.com/v6/upgrading/future#v7_starttransition.
⚠️ React Router Future Flag Warning: Relative route resolution within Splat routes is changing in v7. You can use the `v7_relativeSplatPath` future flag to opt-in early. For more information, see https://reactrouter.com/v6/upgrading/future#v7_relativesplatpath.

            </system-err>
        </testcase>
        <testcase classname="src/pages/admin/DataSettings.test.tsx" name="DataSettings — sections &gt; renders the audit log link" time="0.016908083">
        </testcase>
        <testcase classname="src/pages/admin/DataSettings.test.tsx" name="DataSettings — import tabs &gt; shows accounts tab as selected by default" time="0.013947">
        </testcase>
        <testcase classname="src/pages/admin/DataSettings.test.tsx" name="DataSettings — import tabs &gt; switches to contacts tab on click" time="0.021744875">
        </testcase>
        <testcase classname="src/pages/admin/DataSettings.test.tsx" name="DataSettings — import tabs &gt; switches to deals tab on click" time="0.010950875">
        </testcase>
        <testcase classname="src/pages/admin/DataSettings.test.tsx" name="DataSettings — import tabs &gt; re-clicking the active tab is a no-op" time="0.01066825">
        </testcase>
        <testcase classname="src/pages/admin/DataSettings.test.tsx" name="DataSettings — demo data &gt; shows inactive badge when no demo data exists" time="0.015598208">
        </testcase>
        <testcase classname="src/pages/admin/DataSettings.test.tsx" name="DataSettings — demo data &gt; shows active badge when demo data is seeded" time="0.013133625">
        </testcase>
        <testcase classname="src/pages/admin/DataSettings.test.tsx" name="DataSettings — demo data &gt; shows demo status error on load failure" time="0.016706667">
        </testcase>
        <testcase classname="src/pages/admin/DataSettings.test.tsx" name="DataSettings — demo data &gt; opens confirm dialog when Seed is clicked" time="0.034660875">
        </testcase>
        <testcase classname="src/pages/admin/DataSettings.test.tsx" name="DataSettings — demo data &gt; closes confirm dialog on Cancel" time="0.018969166">
        </testcase>
        <testcase classname="src/pages/admin/DataSettings.test.tsx" name="DataSettings — demo data &gt; calls seed API and shows success feedback on confirm" time="0.023900167">
        </testcase>
        <testcase classname="src/pages/admin/DataSettings.test.tsx" name="DataSettings — demo data &gt; opens confirm dialog when Reset is clicked" time="0.012901167">
        </testcase>
        <testcase classname="src/pages/admin/DataSettings.test.tsx" name="DataSettings — demo data &gt; calls reset API on confirm" time="0.019469959">
        </testcase>
        <testcase classname="src/pages/admin/DataSettings.test.tsx" name="DataSettings — demo data &gt; Remove button is disabled when demo is not active" time="0.013641417">
        </testcase>
        <testcase classname="src/pages/admin/DataSettings.test.tsx" name="DataSettings — demo data &gt; Remove button is enabled and calls DELETE API when demo is active" time="0.0209585">
        </testcase>
        <testcase classname="src/pages/admin/DataSettings.test.tsx" name="DataSettings — demo data &gt; shows error feedback when seed API fails" time="0.016464167">
        </testcase>
        <testcase classname="src/pages/admin/DataSettings.test.tsx" name="DataSettings — demo data &gt; invalidates the entire query cache after seed succeeds (MINCRM-347)" time="0.01814675">
        </testcase>
        <testcase classname="src/pages/admin/DataSettings.test.tsx" name="DataSettings — demo data &gt; invalidates the entire query cache after reset succeeds (MINCRM-347)" time="0.017960834">
        </testcase>
        <testcase classname="src/pages/admin/DataSettings.test.tsx" name="DataSettings — demo data &gt; invalidates the entire query cache after remove succeeds (MINCRM-347)" time="0.017145">
        </testcase>
    </testsuite>
    <testsuite name="src/pages/admin/GeneralSettings.test.tsx" timestamp="2026-05-14T02:22:34.144Z" hostname="Lucindas-MacBook-Pro.local" tests="4" failures="0" errors="0" skipped="0" time="0.12462175">
        <testcase classname="src/pages/admin/GeneralSettings.test.tsx" name="GeneralSettings — reset onboarding &gt; shows the reset onboarding section for admin users" time="0.057395792">
            <system-err>
⚠️ React Router Future Flag Warning: React Router will begin wrapping state updates in `React.startTransition` in v7. You can use the `v7_startTransition` future flag to opt-in early. For more information, see https://reactrouter.com/v6/upgrading/future#v7_starttransition.
⚠️ React Router Future Flag Warning: Relative route resolution within Splat routes is changing in v7. You can use the `v7_relativeSplatPath` future flag to opt-in early. For more information, see https://reactrouter.com/v6/upgrading/future#v7_relativesplatpath.

            </system-err>
        </testcase>
        <testcase classname="src/pages/admin/GeneralSettings.test.tsx" name="GeneralSettings — reset onboarding &gt; does not show the reset onboarding section for rep users" time="0.015717709">
        </testcase>
        <testcase classname="src/pages/admin/GeneralSettings.test.tsx" name="GeneralSettings — reset onboarding &gt; shows success confirmation after clicking Reset" time="0.02871175">
        </testcase>
        <testcase classname="src/pages/admin/GeneralSettings.test.tsx" name="GeneralSettings — reset onboarding &gt; shows error message when reset fails" time="0.019878708">
        </testcase>
    </testsuite>
    <testsuite name="src/pages/admin/IntegrationSettings.test.tsx" timestamp="2026-05-14T02:22:34.144Z" hostname="Lucindas-MacBook-Pro.local" tests="9" failures="0" errors="0" skipped="0" time="0.303419708">
        <testcase classname="src/pages/admin/IntegrationSettings.test.tsx" name="IntegrationSettings &gt; renders both the storage section and webhooks section as separate panels" time="0.066033625">
            <system-err>
⚠️ React Router Future Flag Warning: React Router will begin wrapping state updates in `React.startTransition` in v7. You can use the `v7_startTransition` future flag to opt-in early. For more information, see https://reactrouter.com/v6/upgrading/future#v7_starttransition.
⚠️ React Router Future Flag Warning: Relative route resolution within Splat routes is changing in v7. You can use the `v7_relativeSplatPath` future flag to opt-in early. For more information, see https://reactrouter.com/v6/upgrading/future#v7_relativesplatpath.

            </system-err>
        </testcase>
        <testcase classname="src/pages/admin/IntegrationSettings.test.tsx" name="IntegrationSettings &gt; renders storage form when not configured" time="0.041632917">
        </testcase>
        <testcase classname="src/pages/admin/IntegrationSettings.test.tsx" name="IntegrationSettings &gt; disables save and test buttons when fields are empty" time="0.033155875">
        </testcase>
        <testcase classname="src/pages/admin/IntegrationSettings.test.tsx" name="IntegrationSettings &gt; enables save button once all fields are filled" time="0.022170709">
        </testcase>
        <testcase classname="src/pages/admin/IntegrationSettings.test.tsx" name="IntegrationSettings &gt; shows success message after saving storage config" time="0.051469125">
        </testcase>
        <testcase classname="src/pages/admin/IntegrationSettings.test.tsx" name="IntegrationSettings &gt; shows error message when save fails" time="0.031045625">
        </testcase>
        <testcase classname="src/pages/admin/IntegrationSettings.test.tsx" name="IntegrationSettings &gt; shows storage load error state" time="0.021994875">
        </testcase>
        <testcase classname="src/pages/admin/IntegrationSettings.test.tsx" name="IntegrationSettings &gt; shows Clear button and masked hint when storage is already configured" time="0.014903792">
        </testcase>
        <testcase classname="src/pages/admin/IntegrationSettings.test.tsx" name="IntegrationSettings &gt; calls DELETE and removes Clear button after clearing storage config" time="0.018828333">
        </testcase>
    </testsuite>
    <testsuite name="src/pages/admin/NotificationSettings.test.tsx" timestamp="2026-05-14T02:22:34.144Z" hostname="Lucindas-MacBook-Pro.local" tests="18" failures="0" errors="0" skipped="0" time="0.408455042">
        <testcase classname="src/pages/admin/NotificationSettings.test.tsx" name="NotificationSettings — email notifications toggle &gt; renders the email notifications section" time="0.056460792">
            <system-err>
⚠️ React Router Future Flag Warning: React Router will begin wrapping state updates in `React.startTransition` in v7. You can use the `v7_startTransition` future flag to opt-in early. For more information, see https://reactrouter.com/v6/upgrading/future#v7_starttransition.
⚠️ React Router Future Flag Warning: Relative route resolution within Splat routes is changing in v7. You can use the `v7_relativeSplatPath` future flag to opt-in early. For more information, see https://reactrouter.com/v6/upgrading/future#v7_relativesplatpath.

            </system-err>
        </testcase>
        <testcase classname="src/pages/admin/NotificationSettings.test.tsx" name="NotificationSettings — email notifications toggle &gt; renders the toggle in enabled state by default" time="0.046542041">
        </testcase>
        <testcase classname="src/pages/admin/NotificationSettings.test.tsx" name="NotificationSettings — email notifications toggle &gt; renders the toggle in disabled state when notifications are off" time="0.0312695">
        </testcase>
        <testcase classname="src/pages/admin/NotificationSettings.test.tsx" name="NotificationSettings — email notifications toggle &gt; shows success after toggling notifications" time="0.053513375">
        </testcase>
        <testcase classname="src/pages/admin/NotificationSettings.test.tsx" name="NotificationSettings — email notifications toggle &gt; shows error when toggling fails" time="0.025010417">
        </testcase>
        <testcase classname="src/pages/admin/NotificationSettings.test.tsx" name="NotificationSettings — email notifications toggle &gt; shows load error when email-notifications fetch fails" time="0.013688375">
        </testcase>
        <testcase classname="src/pages/admin/NotificationSettings.test.tsx" name="NotificationSettings — email notifications toggle &gt; displays recipient count" time="0.014095875">
        </testcase>
        <testcase classname="src/pages/admin/NotificationSettings.test.tsx" name="NotificationSettings — SMTP section &gt; shows SMTP section for admin users" time="0.0105335">
        </testcase>
        <testcase classname="src/pages/admin/NotificationSettings.test.tsx" name="NotificationSettings — SMTP section &gt; hides SMTP section for rep users" time="0.014661875">
        </testcase>
        <testcase classname="src/pages/admin/NotificationSettings.test.tsx" name="NotificationSettings — SMTP section &gt; renders SMTP form fields when loaded" time="0.014168583">
        </testcase>
        <testcase classname="src/pages/admin/NotificationSettings.test.tsx" name="NotificationSettings — SMTP section &gt; shows password input when no password is set" time="0.012495208">
        </testcase>
        <testcase classname="src/pages/admin/NotificationSettings.test.tsx" name="NotificationSettings — SMTP section &gt; shows masked hint and Change Password button when password is already set" time="0.011181375">
        </testcase>
        <testcase classname="src/pages/admin/NotificationSettings.test.tsx" name="NotificationSettings — SMTP section &gt; reveals password input after clicking Change Password" time="0.018447584">
        </testcase>
        <testcase classname="src/pages/admin/NotificationSettings.test.tsx" name="NotificationSettings — SMTP section &gt; saves SMTP config and shows success" time="0.018369375">
        </testcase>
        <testcase classname="src/pages/admin/NotificationSettings.test.tsx" name="NotificationSettings — SMTP section &gt; shows error when SMTP save fails" time="0.021278333">
        </testcase>
        <testcase classname="src/pages/admin/NotificationSettings.test.tsx" name="NotificationSettings — SMTP section &gt; disables SMTP test button when address is empty" time="0.00821025">
        </testcase>
        <testcase classname="src/pages/admin/NotificationSettings.test.tsx" name="NotificationSettings — SMTP section &gt; shows SMTP test success when test passes" time="0.017226833">
        </testcase>
        <testcase classname="src/pages/admin/NotificationSettings.test.tsx" name="NotificationSettings — SMTP section &gt; shows SMTP test error when test fails" time="0.017040958">
        </testcase>
    </testsuite>
    <testsuite name="src/pages/admin/WebhookSettings.test.tsx" timestamp="2026-05-14T02:22:34.145Z" hostname="Lucindas-MacBook-Pro.local" tests="14" failures="0" errors="0" skipped="0" time="0.368881458">
        <testcase classname="src/pages/admin/WebhookSettings.test.tsx" name="WebhookSettings — empty state &gt; shows empty state when no subscriptions exist" time="0.05881725">
            <system-err>
⚠️ React Router Future Flag Warning: React Router will begin wrapping state updates in `React.startTransition` in v7. You can use the `v7_startTransition` future flag to opt-in early. For more information, see https://reactrouter.com/v6/upgrading/future#v7_starttransition.
⚠️ React Router Future Flag Warning: Relative route resolution within Splat routes is changing in v7. You can use the `v7_relativeSplatPath` future flag to opt-in early. For more information, see https://reactrouter.com/v6/upgrading/future#v7_relativesplatpath.

            </system-err>
        </testcase>
        <testcase classname="src/pages/admin/WebhookSettings.test.tsx" name="WebhookSettings — subscription list &gt; renders active and disabled subscriptions with correct details" time="0.029654708">
        </testcase>
        <testcase classname="src/pages/admin/WebhookSettings.test.tsx" name="WebhookSettings — subscription list &gt; shows the failed banner and hides toggle button for failed subscriptions" time="0.029841834">
        </testcase>
        <testcase classname="src/pages/admin/WebhookSettings.test.tsx" name="WebhookSettings — create form &gt; submits the form and shows the secret reveal modal" time="0.051174875">
        </testcase>
        <testcase classname="src/pages/admin/WebhookSettings.test.tsx" name="WebhookSettings — create form &gt; dismisses the secret modal when Done is clicked" time="0.035602625">
        </testcase>
        <testcase classname="src/pages/admin/WebhookSettings.test.tsx" name="WebhookSettings — disable / enable toggle &gt; calls PATCH with status disabled when toggling an active subscription" time="0.019255459">
        </testcase>
        <testcase classname="src/pages/admin/WebhookSettings.test.tsx" name="WebhookSettings — disable / enable toggle &gt; calls PATCH with status active when toggling a disabled subscription" time="0.012146667">
        </testcase>
        <testcase classname="src/pages/admin/WebhookSettings.test.tsx" name="WebhookSettings — delete &gt; shows confirm dialog when delete button is clicked" time="0.014096542">
        </testcase>
        <testcase classname="src/pages/admin/WebhookSettings.test.tsx" name="WebhookSettings — delete &gt; dismisses confirm dialog when Cancel is clicked" time="0.010226584">
        </testcase>
        <testcase classname="src/pages/admin/WebhookSettings.test.tsx" name="WebhookSettings — delete &gt; calls DELETE when Confirm is clicked and dismisses the dialog" time="0.019426708">
        </testcase>
        <testcase classname="src/pages/admin/WebhookSettings.test.tsx" name="WebhookSettings — delivery logs panel &gt; opens the logs panel when View logs is clicked" time="0.030583333">
        </testcase>
        <testcase classname="src/pages/admin/WebhookSettings.test.tsx" name="WebhookSettings — delivery logs panel &gt; shows empty logs message when there are no logs" time="0.02914675">
        </testcase>
        <testcase classname="src/pages/admin/WebhookSettings.test.tsx" name="WebhookSettings — delivery logs panel &gt; closes the logs panel when the Close button is clicked" time="0.012031542">
        </testcase>
        <testcase classname="src/pages/admin/WebhookSettings.test.tsx" name="WebhookSettings — error state &gt; shows the load error element when the list fetch fails" time="0.012329625">
        </testcase>
    </testsuite>
</testsuites>
